[20:30:13] [main/INFO] (FabricLoader/GameProvider) Loading Minecraft 1.20.1 with Fabric Loader 0.14.22
[20:30:14] [main/INFO] (FabricLoader) Loading 57 mods:
	- arfforniamod 0.1-1.20.1
	- fabric-api 0.87.0+1.20.1
	- fabric-api-base 0.4.30+7abfd51577
	- fabric-api-lookup-api-v1 1.6.35+4d8536c977
	- fabric-biome-api-v1 13.0.10+b3afc78b77
	- fabric-block-api-v1 1.0.9+e022e5d177
	- fabric-blockrenderlayer-v1 1.1.40+b3afc78b77
	- fabric-client-tags-api-v1 1.1.1+97bb207577
	- fabric-command-api-v1 1.2.33+f71b366f77
	- fabric-command-api-v2 2.2.12+b3afc78b77
	- fabric-commands-v0 0.2.50+df3654b377
	- fabric-containers-v0 0.1.63+df3654b377
	- fabric-content-registries-v0 4.0.9+b3afc78b77
	- fabric-convention-tags-v1 1.5.4+a1a980da77
	- fabric-crash-report-info-v1 0.2.18+aeb40ebe77
	- fabric-data-generation-api-v1 12.2.2+1e61dba177
	- fabric-dimensions-v1 2.1.53+8536527b77
	- fabric-entity-events-v1 1.5.22+b3afc78b77
	- fabric-events-interaction-v0 0.6.1+e91849a877
	- fabric-events-lifecycle-v0 0.2.62+df3654b377
	- fabric-game-rule-api-v1 1.0.38+b04edc7a77
	- fabric-gametest-api-v1 1.2.12+b3afc78b77
	- fabric-item-api-v1 2.1.27+b3afc78b77
	- fabric-item-group-api-v1 4.0.10+23d9108177
	- fabric-key-binding-api-v1 1.0.36+fb8d95da77
	- fabric-keybindings-v0 0.2.34+df3654b377
	- fabric-lifecycle-events-v1 2.2.21+b3afc78b77
	- fabric-loot-api-v2 1.1.39+b3afc78b77
	- fabric-loot-tables-v1 1.1.43+9e7660c677
	- fabric-message-api-v1 5.1.7+3265161977
	- fabric-mining-level-api-v1 2.1.49+b3afc78b77
	- fabric-model-loading-api-v1 1.0.2+709a987177
	- fabric-models-v0 0.4.1+9386d8a777
	- fabric-networking-api-v1 1.3.10+eeb8eb3677
	- fabric-networking-v0 0.3.50+df3654b377
	- fabric-object-builder-api-v1 11.1.1+6beca84877
	- fabric-particles-v1 1.1.1+201a23a077
	- fabric-recipe-api-v1 1.0.20+b3afc78b77
	- fabric-registry-sync-v0 2.3.2+4df89eb277
	- fabric-renderer-api-v1 3.1.2+6bdb2ed077
	- fabric-renderer-indigo 1.4.2+6bdb2ed077
	- fabric-renderer-registries-v1 3.2.45+df3654b377
	- fabric-rendering-data-attachment-v1 0.3.34+b3afc78b77
	- fabric-rendering-fluids-v1 3.0.27+b3afc78b77
	- fabric-rendering-v0 1.1.48+df3654b377
	- fabric-rendering-v1 3.0.7+b3afc78b77
	- fabric-resource-conditions-api-v1 2.3.5+ea08f9d877
	- fabric-resource-loader-v0 0.11.9+132c48c177
	- fabric-screen-api-v1 2.0.7+b3afc78b77
	- fabric-screen-handler-api-v1 1.3.29+b3afc78b77
	- fabric-sound-api-v1 1.0.12+b3afc78b77
	- fabric-transfer-api-v1 3.3.0+cdf060b277
	- fabric-transitive-access-wideners-v1 4.3.0+6c31357e77
	- fabricloader 0.14.22
	- java 17
	- jei 15.2.0.27
	- minecraft 1.20.1
[20:30:19] [main/INFO] (FabricLoader/Mixin) SpongePowered MIXIN Subsystem Version=0.8.5 Source=file:/C:/Users/brian/.gradle/caches/modules-2/files-2.1/net.fabricmc/sponge-mixin/0.12.5+mixin.0.8.5/8d31fb97c3e0cd7c8dad3441851c523bcfae6d8e/sponge-mixin-0.12.5+mixin.0.8.5.jar Service=Knot/Fabric Env=CLIENT
[20:30:19] [main/INFO] (FabricLoader/Mixin) Loaded Fabric development mappings for mixin remapper!
[20:30:19] [main/INFO] (FabricLoader/Mixin) Compatibility level set to JAVA_16
[20:30:19] [main/INFO] (FabricLoader/Mixin) Compatibility level set to JAVA_17
[20:30:24] [main/WARN] (PerfDataUtil) Failed to add PDH Counter: \Paging File(_Total)\% Usage, Error code: 0xC0000BB8
[20:30:24] [main/WARN] (PerfCounterQueryHandler) Failed to add counter for PDH counter: \Paging File(_Total)\% Usage
[20:30:24] [main/WARN] (PerfCounterQuery) Disabling further attempts to query Paging File.
[20:30:26] [main/WARN] (WmiQueryHandler) COM exception: Invalid Query: SELECT PERCENTUSAGE FROM Win32_PerfRawData_PerfOS_PagingFile
[20:30:33] [Datafixer Bootstrap/INFO] (Minecraft) 188 Datafixer optimizations took 211 milliseconds
[20:30:38] [Render thread/INFO] (Minecraft) Environment: authHost='https://authserver.mojang.com', accountsHost='https://api.mojang.com', sessionHost='https://sessionserver.mojang.com', servicesHost='https://api.minecraftservices.com', name='PROD'
[20:30:38] [Render thread/ERROR] (Minecraft) Failed to verify authentication
com.mojang.authlib.exceptions.InvalidCredentialsException: Status: 401
	at com.mojang.authlib.exceptions.MinecraftClientHttpException.toAuthenticationException(MinecraftClientHttpException.java:56) ~[authlib-4.0.43.jar:?]
	at com.mojang.authlib.yggdrasil.YggdrasilUserApiService.fetchProperties(YggdrasilUserApiService.java:156) ~[authlib-4.0.43.jar:?]
	at com.mojang.authlib.yggdrasil.YggdrasilUserApiService.<init>(YggdrasilUserApiService.java:55) ~[authlib-4.0.43.jar:?]
	at com.mojang.authlib.yggdrasil.YggdrasilAuthenticationService.createUserApiService(YggdrasilAuthenticationService.java:124) ~[authlib-4.0.43.jar:?]
	at net.minecraft.client.MinecraftClient.createUserApiService(MinecraftClient.java:712) ~[minecraft-merged-project-root-1.20.1-net.fabricmc.yarn.1_20_1.1.20.1+build.10-v2.jar:?]
	at net.minecraft.client.MinecraftClient.<init>(MinecraftClient.java:507) ~[minecraft-merged-project-root-1.20.1-net.fabricmc.yarn.1_20_1.1.20.1+build.10-v2.jar:?]
	at net.minecraft.client.main.Main.main(Main.java:191) ~[minecraft-merged-project-root-1.20.1-net.fabricmc.yarn.1_20_1.1.20.1+build.10-v2.jar:?]
	at net.fabricmc.loader.impl.game.minecraft.MinecraftGameProvider.launch(MinecraftGameProvider.java:468) ~[fabric-loader-0.14.22.jar:?]
	at net.fabricmc.loader.impl.launch.knot.Knot.launch(Knot.java:74) ~[fabric-loader-0.14.22.jar:?]
	at net.fabricmc.loader.impl.launch.knot.KnotClient.main(KnotClient.java:23) ~[fabric-loader-0.14.22.jar:?]
	at net.fabricmc.devlaunchinjector.Main.main(Main.java:86) ~[dev-launch-injector-0.2.1+build.8.jar:?]
Caused by: com.mojang.authlib.exceptions.MinecraftClientHttpException: Status: 401
	at com.mojang.authlib.minecraft.client.MinecraftClient.readInputStream(MinecraftClient.java:85) ~[authlib-4.0.43.jar:?]
	at com.mojang.authlib.minecraft.client.MinecraftClient.get(MinecraftClient.java:48) ~[authlib-4.0.43.jar:?]
	at com.mojang.authlib.yggdrasil.YggdrasilUserApiService.fetchProperties(YggdrasilUserApiService.java:129) ~[authlib-4.0.43.jar:?]
	... 9 more
[20:30:38] [Render thread/INFO] (Minecraft) Setting user: Player219
[20:30:38] [Render thread/INFO] (arfforniamod) Registering Mod Items for arfforniamod
[20:30:38] [Render thread/INFO] (arfforniamod) Registering ModBlocks for arfforniamod
[20:30:38] [Render thread/INFO] (arfforniamod) Registering Item Groups for arfforniamod
[20:30:39] [Render thread/INFO] (PluginCaller) Sending ConfigManager...
[20:30:39] [Render thread/INFO] (PluginCaller) Sending ConfigManager took 5.166 ms
[20:30:39] [Render thread/INFO] (Indigo) [Indigo] Registering Indigo renderer!
[20:30:40] [Render thread/INFO] (Minecraft) Backend library: LWJGL version 3.3.1 SNAPSHOT
[20:30:42] [Render thread/INFO] (Minecraft) Reloading ResourceManager: vanilla, fabric (fabric-particles-v1, fabric-resource-loader-v0, fabric-sound-api-v1, fabric-rendering-fluids-v1, fabric-networking-v0, fabric-command-api-v2, arfforniamod, fabric-rendering-v0, fabric-screen-api-v1, fabric-entity-events-v1, fabric-keybindings-v0, fabric-transitive-access-wideners-v1, fabric-rendering-data-attachment-v1, fabric-key-binding-api-v1, fabric-client-tags-api-v1, fabric-resource-conditions-api-v1, fabric-object-builder-api-v1, fabric-content-registries-v0, fabric-data-generation-api-v1, fabric-convention-tags-v1, fabric-loot-api-v2, fabric-model-loading-api-v1, fabric-events-interaction-v0, fabric-gametest-api-v1, fabric-message-api-v1, fabricloader, fabric-transfer-api-v1, fabric-events-lifecycle-v0, fabric-models-v0, fabric-recipe-api-v1, fabric-item-group-api-v1, fabric-lifecycle-events-v1, fabric-command-api-v1, fabric-registry-sync-v0, fabric-api-base, fabric-screen-handler-api-v1, fabric-api, fabric-rendering-v1, fabric-commands-v0, jei, fabric-loot-tables-v1, fabric-api-lookup-api-v1, fabric-crash-report-info-v1, fabric-blockrenderlayer-v1, fabric-mining-level-api-v1, fabric-networking-api-v1, fabric-renderer-registries-v1, fabric-biome-api-v1, fabric-block-api-v1, fabric-dimensions-v1, fabric-renderer-indigo, fabric-containers-v0, fabric-game-rule-api-v1, fabric-renderer-api-v1, fabric-item-api-v1)
[20:30:42] [Worker-Main-9/INFO] (Minecraft) Found unifont_all_no_pua-15.0.06.hex, loading
[20:30:43] [Realms Notification Availability checker #1/INFO] (Minecraft) Could not authorize you against Realms server: Invalid session id
[20:30:45] [Render thread/WARN] (Minecraft) Missing sound for event: minecraft:item.goat_horn.play
[20:30:45] [Render thread/WARN] (Minecraft) Missing sound for event: minecraft:entity.goat.screaming.horn_break
[20:30:45] [Render thread/INFO] (Minecraft) OpenAL initialized on device OpenAL Soft on VoiceMeeter Aux Input (VB-Audio VoiceMeeter AUX VAIO)
[20:30:45] [Render thread/INFO] (Minecraft) Sound engine started
[20:30:45] [Render thread/INFO] (Minecraft) Created: 1024x512x4 minecraft:textures/atlas/blocks.png-atlas
[20:30:45] [Render thread/INFO] (Minecraft) Created: 256x256x4 minecraft:textures/atlas/signs.png-atlas
[20:30:45] [Render thread/INFO] (Minecraft) Created: 512x512x4 minecraft:textures/atlas/shield_patterns.png-atlas
[20:30:45] [Render thread/INFO] (Minecraft) Created: 512x512x4 minecraft:textures/atlas/banner_patterns.png-atlas
[20:30:45] [Render thread/INFO] (Minecraft) Created: 1024x1024x4 minecraft:textures/atlas/armor_trims.png-atlas
[20:30:45] [Render thread/INFO] (Minecraft) Created: 128x64x4 minecraft:textures/atlas/decorated_pot.png-atlas
[20:30:45] [Render thread/INFO] (Minecraft) Created: 256x256x4 minecraft:textures/atlas/chest.png-atlas
[20:30:45] [Render thread/INFO] (Minecraft) Created: 512x256x4 minecraft:textures/atlas/shulker_boxes.png-atlas
[20:30:45] [Render thread/INFO] (Minecraft) Created: 512x256x4 minecraft:textures/atlas/beds.png-atlas
[20:30:46] [Render thread/WARN] (Minecraft) Shader rendertype_entity_translucent_emissive could not find sampler named Sampler2 in the specified shader program.
[20:30:46] [Render thread/INFO] (Minecraft) Created: 256x256x0 minecraft:textures/atlas/particles.png-atlas
[20:30:46] [Render thread/INFO] (Minecraft) Created: 256x256x0 minecraft:textures/atlas/paintings.png-atlas
[20:30:46] [Render thread/INFO] (Minecraft) Created: 128x128x0 minecraft:textures/atlas/mob_effects.png-atlas
[20:30:46] [Render thread/INFO] (Minecraft) Created: 256x128x0 jei:textures/atlas/gui.png-atlas
[20:31:44] [Render thread/INFO] (Minecraft) Loaded 7 recipes
[20:31:44] [Render thread/INFO] (Minecraft) Loaded 1271 advancements
[20:31:45] [Render thread/INFO] (ClientLifecycleHandler) Stopping JEI
[20:31:45] [Render thread/INFO] (JeiStarter) Stopping JEI
[20:31:45] [Render thread/INFO] (PluginCaller) Sending Runtime Unavailable...
[20:31:45] [Render thread/INFO] (FabricGuiPlugin) Stopping JEI GUI
[20:31:45] [Render thread/INFO] (PluginCaller) Sending Runtime Unavailable took 910.4 ?s
[20:31:46] [Render thread/INFO] (BiomeModificationImpl) Applied 0 biome modifications to 0 of 64 new biomes in 6.186 ms
[20:31:46] [Server thread/INFO] (Minecraft) Starting integrated minecraft server version 1.20.1
[20:31:46] [Server thread/INFO] (Minecraft) Generating keypair
[20:31:48] [Server thread/INFO] (Minecraft) Preparing start region for dimension minecraft:overworld
[20:31:53] [Render thread/INFO] (Minecraft) Preparing spawn area: 0%
[20:31:53] [Render thread/INFO] (Minecraft) Preparing spawn area: 0%
[20:31:53] [Render thread/INFO] (Minecraft) Preparing spawn area: 0%
[20:31:53] [Render thread/INFO] (Minecraft) Preparing spawn area: 0%
[20:31:53] [Render thread/INFO] (Minecraft) Preparing spawn area: 0%
[20:31:53] [Render thread/INFO] (Minecraft) Preparing spawn area: 0%
[20:31:53] [Render thread/INFO] (Minecraft) Preparing spawn area: 0%
[20:31:53] [Render thread/INFO] (Minecraft) Preparing spawn area: 0%
[20:31:53] [Render thread/INFO] (Minecraft) Preparing spawn area: 0%
[20:31:53] [Render thread/INFO] (Minecraft) Preparing spawn area: 0%
[20:31:53] [Render thread/INFO] (Minecraft) Preparing spawn area: 4%
[20:31:54] [Render thread/INFO] (Minecraft) Preparing spawn area: 64%
[20:31:54] [Render thread/INFO] (Minecraft) Time elapsed: 5891 ms
[20:31:54] [Server thread/INFO] (Minecraft) Changing view distance to 12, from 10
[20:31:54] [Server thread/INFO] (Minecraft) Changing simulation distance to 12, from 0
[20:31:57] [Server thread/INFO] (Minecraft) Player219[local:E:21c3c646] logged in with entity id 128 at (131.3300404079363, 70.0, 34.45158764391401)
[20:31:57] [Server thread/INFO] (Minecraft) Player219 joined the game
[20:31:57] [Server thread/INFO] (Minecraft) Player219 has made the advancement [Diamonds!]
[20:31:57] [Render thread/INFO] (LoggedTimer) Starting JEI...
[20:31:57] [Render thread/INFO] (PluginCaller) Registering item subtypes...
[20:31:57] [Render thread/INFO] (PluginCallerTimerRunnable) Registering item subtypes: jei:minecraft took 13.32 milliseconds
[20:31:57] [Render thread/INFO] (PluginCaller) Registering item subtypes took 15.12 ms
[20:31:57] [Render thread/INFO] (PluginCaller) Registering fluid subtypes...
[20:31:57] [Render thread/INFO] (PluginCaller) Registering fluid subtypes took 8.501 ms
[20:31:57] [Render thread/INFO] (PluginCaller) Registering ingredients...
[20:31:58] [Render thread/INFO] (PluginCallerTimerRunnable) Registering ingredients: jei:minecraft took 115.4 milliseconds
[20:31:58] [Render thread/INFO] (PluginCaller) Registering ingredients took 116.8 ms
[20:31:58] [Render thread/INFO] (PluginCaller) Registering categories...
[20:31:58] [Render thread/INFO] (PluginCallerTimerRunnable) Registering categories: jei:minecraft took 86.99 milliseconds
[20:31:58] [Render thread/INFO] (PluginCaller) Registering categories took 93.61 ms
[20:31:58] [Render thread/INFO] (PluginCaller) Registering vanilla category extensions...
[20:31:58] [Render thread/INFO] (PluginCallerTimerRunnable) Registering vanilla category extensions: jei:minecraft took 11.17 milliseconds
[20:31:58] [Render thread/INFO] (PluginCaller) Registering vanilla category extensions took 12.44 ms
[20:31:58] [Render thread/INFO] (PluginCaller) Registering recipe catalysts...
[20:31:58] [Render thread/INFO] (PluginCaller) Registering recipe catalysts took 4.611 ms
[20:31:58] [Render thread/INFO] (PluginCaller) Registering advanced plugins...
[20:31:58] [Render thread/INFO] (PluginCaller) Registering advanced plugins took 874.3 ?s
[20:31:58] [Render thread/INFO] (LoggedTimer) Building recipe registry...
[20:31:58] [Render thread/INFO] (LoggedTimer) Building recipe registry took 47.31 ms
[20:31:58] [Render thread/INFO] (PluginCaller) Registering recipes...
[20:31:58] [Render thread/INFO] (PluginCallerTimerRunnable) Registering recipes: jei:minecraft took 528.1 milliseconds
[20:31:58] [Render thread/INFO] (PluginCaller) Registering recipes took 529.4 ms
[20:31:58] [Render thread/INFO] (PluginCaller) Registering recipes transfer handlers...
[20:31:58] [Render thread/INFO] (PluginCaller) Registering recipes transfer handlers took 11.19 ms
[20:31:58] [Render thread/INFO] (LoggedTimer) Building runtime...
[20:31:58] [Render thread/INFO] (PluginCaller) Registering gui handlers...
[20:31:58] [Render thread/INFO] (PluginCallerTimerRunnable) Registering gui handlers: jei:minecraft took 36.49 milliseconds
[20:31:58] [Render thread/INFO] (PluginCallerTimerRunnable) Registering gui handlers: jei:gui took 19.64 milliseconds
[20:31:58] [Render thread/INFO] (PluginCaller) Registering gui handlers took 57.84 ms
[20:31:59] [Render thread/INFO] (PluginCaller) Registering Runtime...
[20:31:59] [Render thread/INFO] (JeiGuiStarter) Starting JEI GUI
[20:31:59] [Render thread/INFO] (LoggedTimer) Building ingredient list...
[20:31:59] [Render thread/INFO] (LoggedTimer) Building ingredient list took 7.589 ms
[20:31:59] [Render thread/INFO] (LoggedTimer) Building ingredient filter...
[20:31:59] [Render thread/INFO] (IngredientFilter) Adding 1462 ingredients
[20:31:59] [Render thread/INFO] (IngredientFilter) Added 1462 ingredients
[20:31:59] [Render thread/INFO] (LoggedTimer) Building ingredient filter took 424.4 ms
[20:31:59] [Render thread/INFO] (PluginCallerTimerRunnable) Registering Runtime: jei:fabric_gui took 691.3 milliseconds
[20:31:59] [Render thread/INFO] (PluginCaller) Registering Runtime took 692.6 ms
[20:31:59] [Render thread/INFO] (LoggedTimer) Building runtime took 816.3 ms
[20:31:59] [Render thread/INFO] (PluginCaller) Sending Runtime...
[20:31:59] [Render thread/INFO] (PluginCaller) Sending Runtime took 701.2 ?s
[20:31:59] [Render thread/INFO] (LoggedTimer) Starting JEI took 1.868 s
[20:31:59] [Render thread/INFO] (Minecraft) [System] [CHAT] Player219 has made the advancement [Diamonds!]
[20:32:00] [Render thread/INFO] (Minecraft) Loaded 31 advancements
[20:32:01] [Server thread/INFO] (Minecraft) Saving and pausing game...
[20:32:01] [Server thread/INFO] (Minecraft) Saving chunks for level 'ServerLevel[New World]'/minecraft:overworld
[20:32:03] [Server thread/INFO] (Minecraft) Saving chunks for level 'ServerLevel[New World]'/minecraft:the_nether
[20:32:03] [Server thread/INFO] (Minecraft) Saving chunks for level 'ServerLevel[New World]'/minecraft:the_end
[20:32:03] [Server thread/WARN] (Minecraft) Can't keep up! Is the server overloaded? Running 2350ms or 47 ticks behind
[20:32:40] [Server thread/INFO] (Minecraft) Saving and pausing game...
[20:32:40] [Server thread/INFO] (Minecraft) Saving chunks for level 'ServerLevel[New World]'/minecraft:overworld
[20:32:40] [Server thread/INFO] (Minecraft) Saving chunks for level 'ServerLevel[New World]'/minecraft:the_nether
[20:32:40] [Server thread/INFO] (Minecraft) Saving chunks for level 'ServerLevel[New World]'/minecraft:the_end
[20:46:10] [Render thread/INFO] (Minecraft) Stopping!
[20:46:10] [Render thread/INFO] (ClientLifecycleHandler) Stopping JEI
[20:46:10] [Render thread/INFO] (JeiStarter) Stopping JEI
[20:46:10] [Render thread/INFO] (PluginCaller) Sending Runtime Unavailable...
[20:46:10] [Render thread/INFO] (FabricGuiPlugin) Stopping JEI GUI
[20:46:10] [Render thread/INFO] (PluginCaller) Sending Runtime Unavailable took 522.7 ?s
[20:46:10] [Server thread/INFO] (Minecraft) Player219 lost connection: Disconnected
[20:46:10] [Server thread/INFO] (Minecraft) Player219 left the game
[20:46:10] [Server thread/INFO] (Minecraft) Stopping singleplayer server as player logged out
[20:46:10] [Server thread/INFO] (Minecraft) Stopping server
[20:46:10] [Server thread/INFO] (Minecraft) Saving players
[20:46:10] [Server thread/INFO] (Minecraft) Saving worlds
[20:46:11] [Server thread/INFO] (Minecraft) Saving chunks for level 'ServerLevel[New World]'/minecraft:overworld
[20:46:11] [Server thread/INFO] (Minecraft) Saving chunks for level 'ServerLevel[New World]'/minecraft:the_nether
[20:46:11] [Server thread/INFO] (Minecraft) Saving chunks for level 'ServerLevel[New World]'/minecraft:the_end
[20:46:11] [Server thread/INFO] (Minecraft) ThreadedAnvilChunkStorage (New World): All chunks are saved
[20:46:11] [Server thread/INFO] (Minecraft) ThreadedAnvilChunkStorage (DIM-1): All chunks are saved
[20:46:11] [Server thread/INFO] (Minecraft) ThreadedAnvilChunkStorage (DIM1): All chunks are saved
[20:46:11] [Server thread/INFO] (Minecraft) ThreadedAnvilChunkStorage: All dimensions are saved
